# JRE version: OpenJDK Runtime Environment Temurin-17.0.13+11 (17.0.13+11) (build 17.0.13+11)
# Java VM: OpenJDK 64-Bit Server VM Temurin-17.0.13+11 (17.0.13+11, mixed mode, tiered, compressed oops, compressed class ptrs, parallel gc, windows-amd64)
GC Precious Log:
 CPUs: 8 total, 8 available
 Memory: 16122M
 Large Page Support: Disabled
 NUMA Support: Disabled
 Compressed Oops: Enabled (32-bit)
 Alignments: Space 512K, Generation 512K, Heap 2M
 Heap Min Capacity: 100M
 Heap Initial Capacity: 100M
 Heap Max Capacity: 1G
 Pre-touch: Disabled
 Parallel Workers: 8
Heap:
 PSYoungGen      total 39424K, used 29610K [0x00000000eab00000, 0x00000000ee080000, 0x0000000100000000)
  eden space 26112K, 62% used [0x00000000eab00000,0x00000000ebaecca0,0x00000000ec480000)
  from space 13312K, 99% used [0x00000000ed380000,0x00000000ee07de30,0x00000000ee080000)
  to   space 14336K, 0% used [0x00000000ec480000,0x00000000ec480000,0x00000000ed280000)
 ParOldGen       total 339968K, used 314631K [0x00000000c0000000, 0x00000000d4c00000, 0x00000000eab00000)
  object space 339968K, 92% used [0x00000000c0000000,0x00000000d3341f98,0x00000000d4c00000)
 Metaspace       used 59477K, committed 60544K, reserved 1114112K
  class space    used 6446K, committed 6912K, reserved 1048576K
GC Heap History (20 events):
Event: 30.356 GC heap before
{Heap before GC invocations=166 (full 8):
 PSYoungGen      total 26112K, used 26087K [0x00000000eab00000, 0x00000000ed180000, 0x0000000100000000)
  eden space 18944K, 100% used [0x00000000eab00000,0x00000000ebd80000,0x00000000ebd80000)
  from space 7168K, 99% used [0x00000000ebf00000,0x00000000ec5f9ed8,0x00000000ec600000)
  to   space 10240K, 0% used [0x00000000ec780000,0x00000000ec780000,0x00000000ed180000)
 ParOldGen       total 264704K, used 234945K [0x00000000c0000000, 0x00000000d0280000, 0x00000000eab00000)
  object space 264704K, 88% used [0x00000000c0000000,0x00000000ce570750,0x00000000d0280000)
 Metaspace       used 59316K, committed 60416K, reserved 1114112K
  class space    used 6441K, committed 6912K, reserved 1048576K
}
Event: 30.364 GC heap after
{Heap after GC invocations=166 (full 8):
 PSYoungGen      total 27136K, used 7888K [0x00000000eab00000, 0x00000000ecf80000, 0x0000000100000000)
  eden space 18944K, 0% used [0x00000000eab00000,0x00000000eab00000,0x00000000ebd80000)
  from space 8192K, 96% used [0x00000000ec780000,0x00000000ecf342e8,0x00000000ecf80000)
  to   space 8704K, 0% used [0x00000000ebe80000,0x00000000ebe80000,0x00000000ec700000)
 ParOldGen       total 264704K, used 239125K [0x00000000c0000000, 0x00000000d0280000, 0x00000000eab00000)
  object space 264704K, 90% used [0x00000000c0000000,0x00000000ce985528,0x00000000d0280000)
 Metaspace       used 59316K, committed 60416K, reserved 1114112K
  class space    used 6441K, committed 6912K, reserved 1048576K
}
Event: 30.431 GC heap before
{Heap before GC invocations=167 (full 8):
 PSYoungGen      total 27136K, used 26832K [0x00000000eab00000, 0x00000000ecf80000, 0x0000000100000000)
  eden space 18944K, 100% used [0x00000000eab00000,0x00000000ebd80000,0x00000000ebd80000)
  from space 8192K, 96% used [0x00000000ec780000,0x00000000ecf342e8,0x00000000ecf80000)
  to   space 8704K, 0% used [0x00000000ebe80000,0x00000000ebe80000,0x00000000ec700000)
 ParOldGen       total 264704K, used 239125K [0x00000000c0000000, 0x00000000d0280000, 0x00000000eab00000)
  object space 264704K, 90% used [0x00000000c0000000,0x00000000ce985528,0x00000000d0280000)
 Metaspace       used 59316K, committed 60416K, reserved 1114112K
  class space    used 6441K, committed 6912K, reserved 1048576K
}
Event: 30.437 GC heap after
{Heap after GC invocations=167 (full 8):
 PSYoungGen      total 27648K, used 8703K [0x00000000eab00000, 0x00000000ed780000, 0x0000000100000000)
  eden space 18944K, 0% used [0x00000000eab00000,0x00000000eab00000,0x00000000ebd80000)
  from space 8704K, 99% used [0x00000000ebe80000,0x00000000ec6ffc30,0x00000000ec700000)
  to   space 13312K, 0% used [0x00000000eca80000,0x00000000eca80000,0x00000000ed780000)
 ParOldGen       total 264704K, used 242914K [0x00000000c0000000, 0x00000000d0280000, 0x00000000eab00000)
  object space 264704K, 91% used [0x00000000c0000000,0x00000000ced38bf0,0x00000000d0280000)
 Metaspace       used 59316K, committed 60416K, reserved 1114112K
  class space    used 6441K, committed 6912K, reserved 1048576K
}
Event: 30.474 GC heap before
{Heap before GC invocations=168 (full 8):
 PSYoungGen      total 27648K, used 27647K [0x00000000eab00000, 0x00000000ed780000, 0x0000000100000000)
  eden space 18944K, 100% used [0x00000000eab00000,0x00000000ebd80000,0x00000000ebd80000)
  from space 8704K, 99% used [0x00000000ebe80000,0x00000000ec6ffc30,0x00000000ec700000)
  to   space 13312K, 0% used [0x00000000eca80000,0x00000000eca80000,0x00000000ed780000)
 ParOldGen       total 264704K, used 242914K [0x00000000c0000000, 0x00000000d0280000, 0x00000000eab00000)
  object space 264704K, 91% used [0x00000000c0000000,0x00000000ced38bf0,0x00000000d0280000)
 Metaspace       used 59316K, committed 60416K, reserved 1114112K
  class space    used 6441K, committed 6912K, reserved 1048576K
}
Event: 30.481 GC heap after
{Heap after GC invocations=168 (full 8):
 PSYoungGen      total 32256K, used 10436K [0x00000000eab00000, 0x00000000ed580000, 0x0000000100000000)
  eden space 20992K, 0% used [0x00000000eab00000,0x00000000eab00000,0x00000000ebf80000)
  from space 11264K, 92% used [0x00000000eca80000,0x00000000ed4b1308,0x00000000ed580000)
  to   space 11264K, 0% used [0x00000000ebf80000,0x00000000ebf80000,0x00000000eca80000)
 ParOldGen       total 264704K, used 248198K [0x00000000c0000000, 0x00000000d0280000, 0x00000000eab00000)
  object space 264704K, 93% used [0x00000000c0000000,0x00000000cf261a68,0x00000000d0280000)
 Metaspace       used 59316K, committed 60416K, reserved 1114112K
  class space    used 6441K, committed 6912K, reserved 1048576K
}
Event: 30.519 GC heap before
{Heap before GC invocations=169 (full 8):
 PSYoungGen      total 32256K, used 31428K [0x00000000eab00000, 0x00000000ed580000, 0x0000000100000000)
  eden space 20992K, 100% used [0x00000000eab00000,0x00000000ebf80000,0x00000000ebf80000)
  from space 11264K, 92% used [0x00000000eca80000,0x00000000ed4b1308,0x00000000ed580000)
  to   space 11264K, 0% used [0x00000000ebf80000,0x00000000ebf80000,0x00000000eca80000)
 ParOldGen       total 264704K, used 248198K [0x00000000c0000000, 0x00000000d0280000, 0x00000000eab00000)
  object space 264704K, 93% used [0x00000000c0000000,0x00000000cf261a68,0x00000000d0280000)
 Metaspace       used 59316K, committed 60416K, reserved 1114112K
  class space    used 6441K, committed 6912K, reserved 1048576K
}
Event: 30.523 GC heap after
{Heap after GC invocations=169 (full 8):
 PSYoungGen      total 32256K, used 11260K [0x00000000eab00000, 0x00000000ee580000, 0x0000000100000000)
  eden space 20992K, 0% used [0x00000000eab00000,0x00000000eab00000,0x00000000ebf80000)
  from space 11264K, 99% used [0x00000000ebf80000,0x00000000eca7f310,0x00000000eca80000)
  to   space 18432K, 0% used [0x00000000ed380000,0x00000000ed380000,0x00000000ee580000)
 ParOldGen       total 264704K, used 253800K [0x00000000c0000000, 0x00000000d0280000, 0x00000000eab00000)
  object space 264704K, 95% used [0x00000000c0000000,0x00000000cf7da3c8,0x00000000d0280000)
 Metaspace       used 59316K, committed 60416K, reserved 1114112K
  class space    used 6441K, committed 6912K, reserved 1048576K
}
Event: 30.558 GC heap before
{Heap before GC invocations=170 (full 8):
 PSYoungGen      total 32256K, used 32252K [0x00000000eab00000, 0x00000000ee580000, 0x0000000100000000)
  eden space 20992K, 100% used [0x00000000eab00000,0x00000000ebf80000,0x00000000ebf80000)
  from space 11264K, 99% used [0x00000000ebf80000,0x00000000eca7f310,0x00000000eca80000)
  to   space 18432K, 0% used [0x00000000ed380000,0x00000000ed380000,0x00000000ee580000)
 ParOldGen       total 264704K, used 253800K [0x00000000c0000000, 0x00000000d0280000, 0x00000000eab00000)
  object space 264704K, 95% used [0x00000000c0000000,0x00000000cf7da3c8,0x00000000d0280000)
 Metaspace       used 59316K, committed 60416K, reserved 1114112K
  class space    used 6441K, committed 6912K, reserved 1048576K
}
Event: 30.563 GC heap after
{Heap after GC invocations=170 (full 8):
 PSYoungGen      total 36864K, used 12833K [0x00000000eab00000, 0x00000000ee080000, 0x0000000100000000)
  eden space 23552K, 0% used [0x00000000eab00000,0x00000000eab00000,0x00000000ec200000)
  from space 13312K, 96% used [0x00000000ed380000,0x00000000ee008670,0x00000000ee080000)
  to   space 14336K, 0% used [0x00000000ec480000,0x00000000ec480000,0x00000000ed280000)
 ParOldGen       total 264704K, used 260386K [0x00000000c0000000, 0x00000000d0280000, 0x00000000eab00000)
  object space 264704K, 98% used [0x00000000c0000000,0x00000000cfe48b58,0x00000000d0280000)
 Metaspace       used 59316K, committed 60416K, reserved 1114112K
  class space    used 6441K, committed 6912K, reserved 1048576K
}
Event: 30.616 GC heap before
{Heap before GC invocations=171 (full 9):
 PSYoungGen      total 36864K, used 36385K [0x00000000eab00000, 0x00000000ee080000, 0x0000000100000000)
  eden space 23552K, 100% used [0x00000000eab00000,0x00000000ec200000,0x00000000ec200000)
  from space 13312K, 96% used [0x00000000ed380000,0x00000000ee008670,0x00000000ee080000)
  to   space 14336K, 0% used [0x00000000ec480000,0x00000000ec480000,0x00000000ed280000)
 ParOldGen       total 264704K, used 260386K [0x00000000c0000000, 0x00000000d0280000, 0x00000000eab00000)
  object space 264704K, 98% used [0x00000000c0000000,0x00000000cfe48b58,0x00000000d0280000)
 Metaspace       used 59316K, committed 60416K, reserved 1114112K
  class space    used 6441K, committed 6912K, reserved 1048576K
}
Event: 30.836 GC heap after
{Heap after GC invocations=171 (full 9):
 PSYoungGen      total 39424K, used 11892K [0x00000000eab00000, 0x00000000ee080000, 0x0000000100000000)
  eden space 26112K, 0% used [0x00000000eab00000,0x00000000eab00000,0x00000000ec480000)
  from space 13312K, 89% used [0x00000000ed380000,0x00000000edf1d388,0x00000000ee080000)
  to   space 14336K, 0% used [0x00000000ec480000,0x00000000ec480000,0x00000000ed280000)
 ParOldGen       total 264704K, used 264440K [0x00000000c0000000, 0x00000000d0280000, 0x00000000eab00000)
  object space 264704K, 99% used [0x00000000c0000000,0x00000000d023e260,0x00000000d0280000)
 Metaspace       used 59316K, committed 60416K, reserved 1114112K
  class space    used 6441K, committed 6912K, reserved 1048576K
}
Event: 31.218 GC heap before
{Heap before GC invocations=172 (full 10):
 PSYoungGen      total 39424K, used 37954K [0x00000000eab00000, 0x00000000ee080000, 0x0000000100000000)
  eden space 26112K, 99% used [0x00000000eab00000,0x00000000ec473780,0x00000000ec480000)
  from space 13312K, 89% used [0x00000000ed380000,0x00000000edf1d388,0x00000000ee080000)
  to   space 14336K, 0% used [0x00000000ec480000,0x00000000ec480000,0x00000000ed280000)
 ParOldGen       total 264704K, used 264440K [0x00000000c0000000, 0x00000000d0280000, 0x00000000eab00000)
  object space 264704K, 99% used [0x00000000c0000000,0x00000000d023e260,0x00000000d0280000)
 Metaspace       used 59330K, committed 60416K, reserved 1114112K
  class space    used 6442K, committed 6912K, reserved 1048576K
}
Event: 31.341 GC heap after
{Heap after GC invocations=172 (full 10):
 PSYoungGen      total 40448K, used 25415K [0x00000000eab00000, 0x00000000ee080000, 0x0000000100000000)
  eden space 26112K, 97% used [0x00000000eab00000,0x00000000ec3d1e88,0x00000000ec480000)
  from space 14336K, 0% used [0x00000000ec480000,0x00000000ec480000,0x00000000ed280000)
  to   space 13312K, 0% used [0x00000000ed380000,0x00000000ed380000,0x00000000ee080000)
 ParOldGen       total 339968K, used 264554K [0x00000000c0000000, 0x00000000d4c00000, 0x00000000eab00000)
  object space 339968K, 77% used [0x00000000c0000000,0x00000000d025aae0,0x00000000d4c00000)
 Metaspace       used 59330K, committed 60416K, reserved 1114112K
  class space    used 6442K, committed 6912K, reserved 1048576K
}
Event: 31.353 GC heap before
{Heap before GC invocations=173 (full 10):
 PSYoungGen      total 40448K, used 26112K [0x00000000eab00000, 0x00000000ee080000, 0x0000000100000000)
  eden space 26112K, 100% used [0x00000000eab00000,0x00000000ec480000,0x00000000ec480000)
  from space 14336K, 0% used [0x00000000ec480000,0x00000000ec480000,0x00000000ed280000)
  to   space 13312K, 0% used [0x00000000ed380000,0x00000000ed380000,0x00000000ee080000)
 ParOldGen       total 339968K, used 264554K [0x00000000c0000000, 0x00000000d4c00000, 0x00000000eab00000)
  object space 339968K, 77% used [0x00000000c0000000,0x00000000d025aae0,0x00000000d4c00000)
 Metaspace       used 59330K, committed 60416K, reserved 1114112K
  class space    used 6442K, committed 6912K, reserved 1048576K
}
Event: 31.371 GC heap after
{Heap after GC invocations=173 (full 10):
 PSYoungGen      total 39424K, used 13302K [0x00000000eab00000, 0x00000000ee080000, 0x0000000100000000)
  eden space 26112K, 0% used [0x00000000eab00000,0x00000000eab00000,0x00000000ec480000)
  from space 13312K, 99% used [0x00000000ed380000,0x00000000ee07dba8,0x00000000ee080000)
  to   space 14336K, 0% used [0x00000000ec480000,0x00000000ec480000,0x00000000ed280000)
 ParOldGen       total 339968K, used 277436K [0x00000000c0000000, 0x00000000d4c00000, 0x00000000eab00000)
  object space 339968K, 81% used [0x00000000c0000000,0x00000000d0eef370,0x00000000d4c00000)
 Metaspace       used 59330K, committed 60416K, reserved 1114112K
  class space    used 6442K, committed 6912K, reserved 1048576K
}
Event: 31.767 GC heap before
{Heap before GC invocations=174 (full 10):
 PSYoungGen      total 39424K, used 39414K [0x00000000eab00000, 0x00000000ee080000, 0x0000000100000000)
  eden space 26112K, 100% used [0x00000000eab00000,0x00000000ec480000,0x00000000ec480000)
  from space 13312K, 99% used [0x00000000ed380000,0x00000000ee07dba8,0x00000000ee080000)
  to   space 14336K, 0% used [0x00000000ec480000,0x00000000ec480000,0x00000000ed280000)
 ParOldGen       total 339968K, used 277436K [0x00000000c0000000, 0x00000000d4c00000, 0x00000000eab00000)
  object space 339968K, 81% used [0x00000000c0000000,0x00000000d0eef370,0x00000000d4c00000)
 Metaspace       used 59330K, committed 60416K, reserved 1114112K
  class space    used 6442K, committed 6912K, reserved 1048576K
}
Event: 31.782 GC heap after
{Heap after GC invocations=174 (full 10):
 PSYoungGen      total 40448K, used 14328K [0x00000000eab00000, 0x00000000ee080000, 0x0000000100000000)
  eden space 26112K, 0% used [0x00000000eab00000,0x00000000eab00000,0x00000000ec480000)
  from space 14336K, 99% used [0x00000000ec480000,0x00000000ed27e080,0x00000000ed280000)
  to   space 13312K, 0% used [0x00000000ed380000,0x00000000ed380000,0x00000000ee080000)
 ParOldGen       total 339968K, used 299497K [0x00000000c0000000, 0x00000000d4c00000, 0x00000000eab00000)
  object space 339968K, 88% used [0x00000000c0000000,0x00000000d247a490,0x00000000d4c00000)
 Metaspace       used 59330K, committed 60416K, reserved 1114112K
  class space    used 6442K, committed 6912K, reserved 1048576K
}
Event: 32.923 GC heap before
{Heap before GC invocations=175 (full 10):
 PSYoungGen      total 40448K, used 40440K [0x00000000eab00000, 0x00000000ee080000, 0x0000000100000000)
  eden space 26112K, 100% used [0x00000000eab00000,0x00000000ec480000,0x00000000ec480000)
  from space 14336K, 99% used [0x00000000ec480000,0x00000000ed27e080,0x00000000ed280000)
  to   space 13312K, 0% used [0x00000000ed380000,0x00000000ed380000,0x00000000ee080000)
 ParOldGen       total 339968K, used 299497K [0x00000000c0000000, 0x00000000d4c00000, 0x00000000eab00000)
  object space 339968K, 88% used [0x00000000c0000000,0x00000000d247a490,0x00000000d4c00000)
 Metaspace       used 59368K, committed 60480K, reserved 1114112K
  class space    used 6444K, committed 6912K, reserved 1048576K
}
Event: 32.939 GC heap after
{Heap after GC invocations=175 (full 10):
 PSYoungGen      total 39424K, used 13303K [0x00000000eab00000, 0x00000000ee080000, 0x0000000100000000)
  eden space 26112K, 0% used [0x00000000eab00000,0x00000000eab00000,0x00000000ec480000)
  from space 13312K, 99% used [0x00000000ed380000,0x00000000ee07de30,0x00000000ee080000)
  to   space 14336K, 0% used [0x00000000ec480000,0x00000000ec480000,0x00000000ed280000)
 ParOldGen       total 339968K, used 314631K [0x00000000c0000000, 0x00000000d4c00000, 0x00000000eab00000)
  object space 339968K, 92% used [0x00000000c0000000,0x00000000d3341f98,0x00000000d4c00000)
 Metaspace       used 59368K, committed 60480K, reserved 1114112K
  class space    used 6444K, committed 6912K, reserved 1048576K
}

